gplink-1.4.0 #1107 (May  9 2015)
Copyright (c) 1998-2014 gputils project
Listing File Generated: 3-1-2016  15:30:19
 
 
Address  Value    Disassembly              Source
-------  -----    -----------              ------
                                           ;--------------------------------------------------------
                                           ; File Created by SDCC : free open source ANSI-C Compiler
                                           ; Version 3.5.5 #9473 (Linux)
                                           ;--------------------------------------------------------
                                           ; PIC port for the 14-bit core
                                           ;--------------------------------------------------------
                                           ;	.file	"../src/main.c"
                                           	list	p=16f627a
                                           	radix dec
                                           	include "p16f627a.inc"
                                                   LIST
                                           
                                           ;==========================================================================
                                           ; Build date : Aug 07 2014
                                           ;  MPASM PIC16F627A processor include
                                           ; 
                                           ;  (c) Copyright 1999-2014 Microchip Technology, All rights reserved
                                           ;==========================================================================
                                           
                                                   NOLIST
                                           ;--------------------------------------------------------
                                           ; config word(s)
                                           ;--------------------------------------------------------
002007   3f4a     addlw   0x4a             	__config 0x3f4a
                                           ;--------------------------------------------------------
                                           ; external declarations
                                           ;--------------------------------------------------------
                                           	extern	_STATUSbits
                                           	extern	_PORTAbits
                                           	extern	_PORTBbits
                                           	extern	_INTCONbits
                                           	extern	_PIR1bits
                                           	extern	_T1CONbits
                                           	extern	_T2CONbits
                                           	extern	_CCP1CONbits
                                           	extern	_RCSTAbits
                                           	extern	_CMCONbits
                                           	extern	_OPTION_REGbits
                                           	extern	_TRISAbits
                                           	extern	_TRISBbits
                                           	extern	_PIE1bits
                                           	extern	_PCONbits
                                           	extern	_TXSTAbits
                                           	extern	_EECON1bits
                                           	extern	_VRCONbits
                                           	extern	_INDF
                                           	extern	_TMR0
                                           	extern	_PCL
                                           	extern	_STATUS
                                           	extern	_FSR
                                           	extern	_PORTA
                                           	extern	_PORTB
                                           	extern	_PCLATH
                                           	extern	_INTCON
                                           	extern	_PIR1
                                           	extern	_TMR1
                                           	extern	_TMR1L
                                           	extern	_TMR1H
                                           	extern	_T1CON
                                           	extern	_TMR2
                                           	extern	_T2CON
                                           	extern	_CCPR1
                                           	extern	_CCPR1L
                                           	extern	_CCPR1H
                                           	extern	_CCP1CON
                                           	extern	_RCSTA
                                           	extern	_TXREG
                                           	extern	_RCREG
                                           	extern	_CMCON
                                           	extern	_OPTION_REG
                                           	extern	_TRISA
                                           	extern	_TRISB
                                           	extern	_PIE1
                                           	extern	_PCON
                                           	extern	_PR2
                                           	extern	_TXSTA
                                           	extern	_SPBRG
                                           	extern	_EEDATA
                                           	extern	_EEADR
                                           	extern	_EECON1
                                           	extern	_EECON2
                                           	extern	_VRCON
                                           	extern	__sdcc_gsinit_startup
                                           ;--------------------------------------------------------
                                           ; global declarations
                                           ;--------------------------------------------------------
                                           	global	_wait
                                           	global	_main
                                           	global	_i
                                           
                                           	global PSAVE
                                           	global SSAVE
                                           	global WSAVE
                                           	global STK12
                                           	global STK11
                                           	global STK10
                                           	global STK09
                                           	global STK08
                                           	global STK07
                                           	global STK06
                                           	global STK05
                                           	global STK04
                                           	global STK03
                                           	global STK02
                                           	global STK01
                                           	global STK00
                                           
                                           sharebank udata_ovr 0x0070
                                           PSAVE	res 1
                                           SSAVE	res 1
                                           WSAVE	res 1
                                           STK12	res 1
                                           STK11	res 1
                                           STK10	res 1
                                           STK09	res 1
                                           STK08	res 1
                                           STK07	res 1
                                           STK06	res 1
                                           STK05	res 1
                                           STK04	res 1
                                           STK03	res 1
                                           STK02	res 1
                                           STK01	res 1
                                           STK00	res 1
                                           
                                           ;--------------------------------------------------------
                                           ; global definitions
                                           ;--------------------------------------------------------
                                           UD_main_0	udata
                                           _i	res	1
                                           
                                           ;--------------------------------------------------------
                                           ; absolute symbol definitions
                                           ;--------------------------------------------------------
                                           ;--------------------------------------------------------
                                           ; compiler-defined variables
                                           ;--------------------------------------------------------
                                           UDL_main_0	udata
                                           r0x1001	res	1
                                           r0x1002	res	1
                                           ;--------------------------------------------------------
                                           ; initialized data
                                           ;--------------------------------------------------------
                                           ;--------------------------------------------------------
                                           ; overlayable items in internal ram 
                                           ;--------------------------------------------------------
                                           ;	udata_ovr
                                           ;--------------------------------------------------------
                                           ; reset vector 
                                           ;--------------------------------------------------------
                                           STARTUP	code 0x0000
000000   0000     nop                      	nop
                                           	pagesel __sdcc_gsinit_startup
000001   2802     goto    0x0002           	goto	__sdcc_gsinit_startup
                                           ;--------------------------------------------------------
                                           ; code
                                           ;--------------------------------------------------------
                                           code_main	code
                                           ;***
                                           ;  pBlock Stats: dbName = M
                                           ;***
                                           ;has an exit
                                           ;functions called:
                                           ;   _wait
                                           ;   _wait
                                           ;1 compiler assigned register :
                                           ;   r0x1002
                                           ;; Starting pCode block
                                           S_main__main	code
                                           _main:
                                           ; 2 exit points
                                           ;	.line	25; "../src/main.c"	TRISB = 0xF7; // just RB3 is output
0000d2   30f7     movlw   0xf7             	MOVLW	0xf7
0000d3   1683     bsf     0x03, 0x5        	BANKSEL	_TRISB
0000d4   1303     bcf     0x03, 0x6        
0000d5   0086     movwf   0x06             	MOVWF	_TRISB
                                           _00111_DS_:
                                           ;	.line	28; "../src/main.c"	RB3++;
0000d6   1283     bcf     0x03, 0x5        	BANKSEL	r0x1002
0000d7   1703     bsf     0x03, 0x6        
0000d8   01ad     clrf    0x2d             	CLRF	r0x1002
0000d9   1283     bcf     0x03, 0x5        	BANKSEL	_PORTBbits
0000da   1303     bcf     0x03, 0x6        
0000db   1d86     btfss   0x06, 0x3        	BTFSS	_PORTBbits,3
0000dc   28e0     goto    0x00e0           	GOTO	_00001_DS_
0000dd   1283     bcf     0x03, 0x5        	BANKSEL	r0x1002
0000de   1703     bsf     0x03, 0x6        
0000df   0aad     incf    0x2d, 0x1        	INCF	r0x1002,F
                                           _00001_DS_:
0000e0   1283     bcf     0x03, 0x5        	BANKSEL	r0x1002
0000e1   1703     bsf     0x03, 0x6        
0000e2   0aad     incf    0x2d, 0x1        	INCF	r0x1002,F
0000e3   0c2d     rrf     0x2d, 0x0        	RRF	r0x1002,W
0000e4   1803     btfsc   0x03, 0x0        	BTFSC	STATUS,0
0000e5   28e9     goto    0x00e9           	GOTO	_00002_DS_
0000e6   1283     bcf     0x03, 0x5        	BANKSEL	_PORTBbits
0000e7   1303     bcf     0x03, 0x6        
0000e8   1186     bcf     0x06, 0x3        	BCF	_PORTBbits,3
                                           _00002_DS_:
0000e9   1c03     btfss   0x03, 0x0        	BTFSS	STATUS,0
0000ea   28ee     goto    0x00ee           	GOTO	_00003_DS_
0000eb   1283     bcf     0x03, 0x5        	BANKSEL	_PORTBbits
0000ec   1303     bcf     0x03, 0x6        
0000ed   1586     bsf     0x06, 0x3        	BSF	_PORTBbits,3
                                           _00003_DS_:
                                           ;	.line	29; "../src/main.c"	wait();
0000ee   20f1     call    0x00f1           	CALL	_wait
0000ef   28d6     goto    0x00d6           	GOTO	_00111_DS_
0000f0   0008     return                   	RETURN	
                                           ; exit point of _main
                                           
                                           ;***
                                           ;  pBlock Stats: dbName = C
                                           ;***
                                           ;has an exit
                                           ;1 compiler assigned register :
                                           ;   r0x1001
                                           ;; Starting pCode block
                                           S_main__wait	code
                                           _wait:
                                           ; 2 exit points
                                           ;	.line	20; "../src/main.c"	i = 0xFF;
0000f1   30ff     movlw   0xff             	MOVLW	0xff
0000f2   1283     bcf     0x03, 0x5        	BANKSEL	_i
0000f3   1703     bsf     0x03, 0x6        
0000f4   00ae     movwf   0x2e             	MOVWF	_i
                                           _00105_DS_:
                                           ;	.line	21; "../src/main.c"	while(i--);
0000f5   1283     bcf     0x03, 0x5        	BANKSEL	_i
0000f6   1703     bsf     0x03, 0x6        
0000f7   082e     movf    0x2e, 0x0        	MOVF	_i,W
0000f8   1283     bcf     0x03, 0x5        	BANKSEL	r0x1001
0000f9   1703     bsf     0x03, 0x6        
0000fa   00ac     movwf   0x2c             	MOVWF	r0x1001
0000fb   1283     bcf     0x03, 0x5        	BANKSEL	_i
0000fc   1703     bsf     0x03, 0x6        
0000fd   03ae     decf    0x2e, 0x1        	DECF	_i,F
0000fe   1283     bcf     0x03, 0x5        	BANKSEL	r0x1001
0000ff   1703     bsf     0x03, 0x6        
000100   082c     movf    0x2c, 0x0        	MOVF	r0x1001,W
000101   1d03     btfss   0x03, 0x2        	BTFSS	STATUS,2
000102   28f5     goto    0x00f5           	GOTO	_00105_DS_
000103   0008     return                   	RETURN	
                                           ; exit point of _wait
                                           
                                           
                                           ;	code size estimation:
                                           ;	   26+   12 =    38 instructions (  100 byte)
                                           
                                           	end
